# JRE version: OpenJDK Runtime Environment Temurin-21.0.8+9 (21.0.8+9) (build 21.0.8+9-LTS)
# Java VM: OpenJDK 64-Bit Server VM Temurin-21.0.8+9 (21.0.8+9-LTS, mixed mode, sharing, tiered, compressed oops, compressed class ptrs, parallel gc, windows-amd64)
GC Precious Log:
 CardTable entry size: 512
 CPUs: 16 total, 16 available
 Memory: 32714M
 Large Page Support: Disabled
 NUMA Support: Disabled
 Compressed Oops: Enabled (32-bit)
 Alignments: Space 512K, Generation 512K, Heap 2M
 Heap Min Capacity: 100M
 Heap Initial Capacity: 100M
 Heap Max Capacity: 2G
 Pre-touch: Disabled
 Parallel Workers: 13
Heap:
 PSYoungGen      total 4096K, used 1216K [0x00000000d5580000, 0x00000000d5b80000, 0x0000000100000000)
  eden space 3072K, 20% used [0x00000000d5580000,0x00000000d56202c0,0x00000000d5880000)
  from space 1024K, 56% used [0x00000000d5980000,0x00000000d5a10000,0x00000000d5a80000)
  to   space 1024K, 0% used [0x00000000d5a80000,0x00000000d5a80000,0x00000000d5b80000)
 ParOldGen       total 653824K, used 653470K [0x0000000080000000, 0x00000000a7e80000, 0x00000000d5580000)
  object space 653824K, 99% used [0x0000000080000000,0x00000000a7e27ab8,0x00000000a7e80000)
 Metaspace       used 86249K, committed 87936K, reserved 1179648K
  class space    used 8621K, committed 9472K, reserved 1048576K
GC Heap History (20 events):
Event: 8119.779 GC heap before
{Heap before GC invocations=2334 (full 6):
 PSYoungGen      total 4096K, used 3604K [0x00000000d5580000, 0x00000000d5c00000, 0x0000000100000000)
  eden space 3072K, 99% used [0x00000000d5580000,0x00000000d587fff8,0x00000000d5880000)
  from space 1024K, 52% used [0x00000000d5a80000,0x00000000d5b05200,0x00000000d5b80000)
  to   space 512K, 0% used [0x00000000d5b80000,0x00000000d5b80000,0x00000000d5c00000)
 ParOldGen       total 651264K, used 651068K [0x0000000080000000, 0x00000000a7c00000, 0x00000000d5580000)
  object space 651264K, 99% used [0x0000000080000000,0x00000000a7bcf320,0x00000000a7c00000)
 Metaspace       used 86232K, committed 87936K, reserved 1179648K
  class space    used 8621K, committed 9472K, reserved 1048576K
}
Event: 8119.781 GC heap after
{Heap after GC invocations=2334 (full 6):
 PSYoungGen      total 3584K, used 384K [0x00000000d5580000, 0x00000000d5c00000, 0x0000000100000000)
  eden space 3072K, 0% used [0x00000000d5580000,0x00000000d5580000,0x00000000d5880000)
  from space 512K, 75% used [0x00000000d5b80000,0x00000000d5be0000,0x00000000d5c00000)
  to   space 512K, 0% used [0x00000000d5b00000,0x00000000d5b00000,0x00000000d5b80000)
 ParOldGen       total 651264K, used 651084K [0x0000000080000000, 0x00000000a7c00000, 0x00000000d5580000)
  object space 651264K, 99% used [0x0000000080000000,0x00000000a7bd3320,0x00000000a7c00000)
 Metaspace       used 86232K, committed 87936K, reserved 1179648K
  class space    used 8621K, committed 9472K, reserved 1048576K
}
Event: 8126.900 GC heap before
{Heap before GC invocations=2335 (full 6):
 PSYoungGen      total 3584K, used 3456K [0x00000000d5580000, 0x00000000d5c00000, 0x0000000100000000)
  eden space 3072K, 100% used [0x00000000d5580000,0x00000000d5880000,0x00000000d5880000)
  from space 512K, 75% used [0x00000000d5b80000,0x00000000d5be0000,0x00000000d5c00000)
  to   space 512K, 0% used [0x00000000d5b00000,0x00000000d5b00000,0x00000000d5b80000)
 ParOldGen       total 651264K, used 651084K [0x0000000080000000, 0x00000000a7c00000, 0x00000000d5580000)
  object space 651264K, 99% used [0x0000000080000000,0x00000000a7bd3320,0x00000000a7c00000)
 Metaspace       used 86232K, committed 87936K, reserved 1179648K
  class space    used 8621K, committed 9472K, reserved 1048576K
}
Event: 8126.901 GC heap after
{Heap after GC invocations=2335 (full 6):
 PSYoungGen      total 3584K, used 352K [0x00000000d5580000, 0x00000000d5c00000, 0x0000000100000000)
  eden space 3072K, 0% used [0x00000000d5580000,0x00000000d5580000,0x00000000d5880000)
  from space 512K, 68% used [0x00000000d5b00000,0x00000000d5b58000,0x00000000d5b80000)
  to   space 512K, 0% used [0x00000000d5b80000,0x00000000d5b80000,0x00000000d5c00000)
 ParOldGen       total 651264K, used 651116K [0x0000000080000000, 0x00000000a7c00000, 0x00000000d5580000)
  object space 651264K, 99% used [0x0000000080000000,0x00000000a7bdb320,0x00000000a7c00000)
 Metaspace       used 86232K, committed 87936K, reserved 1179648K
  class space    used 8621K, committed 9472K, reserved 1048576K
}
Event: 8649.131 GC heap before
{Heap before GC invocations=2336 (full 6):
 PSYoungGen      total 3584K, used 3423K [0x00000000d5580000, 0x00000000d5c00000, 0x0000000100000000)
  eden space 3072K, 99% used [0x00000000d5580000,0x00000000d587ffc8,0x00000000d5880000)
  from space 512K, 68% used [0x00000000d5b00000,0x00000000d5b58000,0x00000000d5b80000)
  to   space 512K, 0% used [0x00000000d5b80000,0x00000000d5b80000,0x00000000d5c00000)
 ParOldGen       total 651264K, used 651116K [0x0000000080000000, 0x00000000a7c00000, 0x00000000d5580000)
  object space 651264K, 99% used [0x0000000080000000,0x00000000a7bdb320,0x00000000a7c00000)
 Metaspace       used 86234K, committed 87936K, reserved 1179648K
  class space    used 8621K, committed 9472K, reserved 1048576K
}
Event: 8649.133 GC heap after
{Heap after GC invocations=2336 (full 6):
 PSYoungGen      total 3584K, used 448K [0x00000000d5580000, 0x00000000d5c00000, 0x0000000100000000)
  eden space 3072K, 0% used [0x00000000d5580000,0x00000000d5580000,0x00000000d5880000)
  from space 512K, 87% used [0x00000000d5b80000,0x00000000d5bf0020,0x00000000d5c00000)
  to   space 512K, 0% used [0x00000000d5b00000,0x00000000d5b00000,0x00000000d5b80000)
 ParOldGen       total 651264K, used 651188K [0x0000000080000000, 0x00000000a7c00000, 0x00000000d5580000)
  object space 651264K, 99% used [0x0000000080000000,0x00000000a7bed320,0x00000000a7c00000)
 Metaspace       used 86234K, committed 87936K, reserved 1179648K
  class space    used 8621K, committed 9472K, reserved 1048576K
}
Event: 8649.139 GC heap before
{Heap before GC invocations=2337 (full 6):
 PSYoungGen      total 3584K, used 3520K [0x00000000d5580000, 0x00000000d5c00000, 0x0000000100000000)
  eden space 3072K, 100% used [0x00000000d5580000,0x00000000d5880000,0x00000000d5880000)
  from space 512K, 87% used [0x00000000d5b80000,0x00000000d5bf0020,0x00000000d5c00000)
  to   space 512K, 0% used [0x00000000d5b00000,0x00000000d5b00000,0x00000000d5b80000)
 ParOldGen       total 651264K, used 651188K [0x0000000080000000, 0x00000000a7c00000, 0x00000000d5580000)
  object space 651264K, 99% used [0x0000000080000000,0x00000000a7bed320,0x00000000a7c00000)
 Metaspace       used 86234K, committed 87936K, reserved 1179648K
  class space    used 8621K, committed 9472K, reserved 1048576K
}
Event: 8649.140 GC heap after
{Heap after GC invocations=2337 (full 6):
 PSYoungGen      total 3584K, used 490K [0x00000000d5580000, 0x00000000d5c00000, 0x0000000100000000)
  eden space 3072K, 0% used [0x00000000d5580000,0x00000000d5580000,0x00000000d5880000)
  from space 512K, 95% used [0x00000000d5b00000,0x00000000d5b7a910,0x00000000d5b80000)
  to   space 512K, 0% used [0x00000000d5b80000,0x00000000d5b80000,0x00000000d5c00000)
 ParOldGen       total 651776K, used 651404K [0x0000000080000000, 0x00000000a7c80000, 0x00000000d5580000)
  object space 651776K, 99% used [0x0000000080000000,0x00000000a7c23340,0x00000000a7c80000)
 Metaspace       used 86234K, committed 87936K, reserved 1179648K
  class space    used 8621K, committed 9472K, reserved 1048576K
}
Event: 8649.160 GC heap before
{Heap before GC invocations=2338 (full 6):
 PSYoungGen      total 3584K, used 3562K [0x00000000d5580000, 0x00000000d5c00000, 0x0000000100000000)
  eden space 3072K, 100% used [0x00000000d5580000,0x00000000d5880000,0x00000000d5880000)
  from space 512K, 95% used [0x00000000d5b00000,0x00000000d5b7a910,0x00000000d5b80000)
  to   space 512K, 0% used [0x00000000d5b80000,0x00000000d5b80000,0x00000000d5c00000)
 ParOldGen       total 651776K, used 651404K [0x0000000080000000, 0x00000000a7c80000, 0x00000000d5580000)
  object space 651776K, 99% used [0x0000000080000000,0x00000000a7c23340,0x00000000a7c80000)
 Metaspace       used 86234K, committed 87936K, reserved 1179648K
  class space    used 8621K, committed 9472K, reserved 1048576K
}
Event: 8649.161 GC heap after
{Heap after GC invocations=2338 (full 6):
 PSYoungGen      total 3584K, used 448K [0x00000000d5580000, 0x00000000d5c00000, 0x0000000100000000)
  eden space 3072K, 0% used [0x00000000d5580000,0x00000000d5580000,0x00000000d5880000)
  from space 512K, 87% used [0x00000000d5b80000,0x00000000d5bf0000,0x00000000d5c00000)
  to   space 1024K, 0% used [0x00000000d5a00000,0x00000000d5a00000,0x00000000d5b00000)
 ParOldGen       total 652288K, used 651833K [0x0000000080000000, 0x00000000a7d00000, 0x00000000d5580000)
  object space 652288K, 99% used [0x0000000080000000,0x00000000a7c8e550,0x00000000a7d00000)
 Metaspace       used 86234K, committed 87936K, reserved 1179648K
  class space    used 8621K, committed 9472K, reserved 1048576K
}
Event: 8649.166 GC heap before
{Heap before GC invocations=2339 (full 6):
 PSYoungGen      total 3584K, used 3520K [0x00000000d5580000, 0x00000000d5c00000, 0x0000000100000000)
  eden space 3072K, 100% used [0x00000000d5580000,0x00000000d5880000,0x00000000d5880000)
  from space 512K, 87% used [0x00000000d5b80000,0x00000000d5bf0000,0x00000000d5c00000)
  to   space 1024K, 0% used [0x00000000d5a00000,0x00000000d5a00000,0x00000000d5b00000)
 ParOldGen       total 652288K, used 651833K [0x0000000080000000, 0x00000000a7d00000, 0x00000000d5580000)
  object space 652288K, 99% used [0x0000000080000000,0x00000000a7c8e550,0x00000000a7d00000)
 Metaspace       used 86234K, committed 87936K, reserved 1179648K
  class space    used 8621K, committed 9472K, reserved 1048576K
}
Event: 8649.167 GC heap after
{Heap after GC invocations=2339 (full 6):
 PSYoungGen      total 4096K, used 506K [0x00000000d5580000, 0x00000000d5c00000, 0x0000000100000000)
  eden space 3072K, 0% used [0x00000000d5580000,0x00000000d5580000,0x00000000d5880000)
  from space 1024K, 49% used [0x00000000d5a00000,0x00000000d5a7e900,0x00000000d5b00000)
  to   space 1024K, 0% used [0x00000000d5b00000,0x00000000d5b00000,0x00000000d5c00000)
 ParOldGen       total 652288K, used 652033K [0x0000000080000000, 0x00000000a7d00000, 0x00000000d5580000)
  object space 652288K, 99% used [0x0000000080000000,0x00000000a7cc0550,0x00000000a7d00000)
 Metaspace       used 86234K, committed 87936K, reserved 1179648K
  class space    used 8621K, committed 9472K, reserved 1048576K
}
Event: 8649.172 GC heap before
{Heap before GC invocations=2340 (full 6):
 PSYoungGen      total 4096K, used 3578K [0x00000000d5580000, 0x00000000d5c00000, 0x0000000100000000)
  eden space 3072K, 100% used [0x00000000d5580000,0x00000000d5880000,0x00000000d5880000)
  from space 1024K, 49% used [0x00000000d5a00000,0x00000000d5a7e900,0x00000000d5b00000)
  to   space 1024K, 0% used [0x00000000d5b00000,0x00000000d5b00000,0x00000000d5c00000)
 ParOldGen       total 652288K, used 652033K [0x0000000080000000, 0x00000000a7d00000, 0x00000000d5580000)
  object space 652288K, 99% used [0x0000000080000000,0x00000000a7cc0550,0x00000000a7d00000)
 Metaspace       used 86237K, committed 87936K, reserved 1179648K
  class space    used 8621K, committed 9472K, reserved 1048576K
}
Event: 8649.173 GC heap after
{Heap after GC invocations=2340 (full 6):
 PSYoungGen      total 4096K, used 544K [0x00000000d5580000, 0x00000000d5c00000, 0x0000000100000000)
  eden space 3072K, 0% used [0x00000000d5580000,0x00000000d5580000,0x00000000d5880000)
  from space 1024K, 53% used [0x00000000d5b00000,0x00000000d5b88000,0x00000000d5c00000)
  to   space 1024K, 0% used [0x00000000d5a00000,0x00000000d5a00000,0x00000000d5b00000)
 ParOldGen       total 652800K, used 652461K [0x0000000080000000, 0x00000000a7d80000, 0x00000000d5580000)
  object space 652800K, 99% used [0x0000000080000000,0x00000000a7d2b760,0x00000000a7d80000)
 Metaspace       used 86237K, committed 87936K, reserved 1179648K
  class space    used 8621K, committed 9472K, reserved 1048576K
}
Event: 8649.221 GC heap before
{Heap before GC invocations=2341 (full 6):
 PSYoungGen      total 4096K, used 3616K [0x00000000d5580000, 0x00000000d5c00000, 0x0000000100000000)
  eden space 3072K, 100% used [0x00000000d5580000,0x00000000d5880000,0x00000000d5880000)
  from space 1024K, 53% used [0x00000000d5b00000,0x00000000d5b88000,0x00000000d5c00000)
  to   space 1024K, 0% used [0x00000000d5a00000,0x00000000d5a00000,0x00000000d5b00000)
 ParOldGen       total 652800K, used 652461K [0x0000000080000000, 0x00000000a7d80000, 0x00000000d5580000)
  object space 652800K, 99% used [0x0000000080000000,0x00000000a7d2b760,0x00000000a7d80000)
 Metaspace       used 86245K, committed 87936K, reserved 1179648K
  class space    used 8621K, committed 9472K, reserved 1048576K
}
Event: 8649.222 GC heap after
{Heap after GC invocations=2341 (full 6):
 PSYoungGen      total 4096K, used 516K [0x00000000d5580000, 0x00000000d5b80000, 0x0000000100000000)
  eden space 3072K, 0% used [0x00000000d5580000,0x00000000d5580000,0x00000000d5880000)
  from space 1024K, 50% used [0x00000000d5a00000,0x00000000d5a81210,0x00000000d5b00000)
  to   space 512K, 0% used [0x00000000d5b00000,0x00000000d5b00000,0x00000000d5b80000)
 ParOldGen       total 652800K, used 652797K [0x0000000080000000, 0x00000000a7d80000, 0x00000000d5580000)
  object space 652800K, 99% used [0x0000000080000000,0x00000000a7d7f760,0x00000000a7d80000)
 Metaspace       used 86245K, committed 87936K, reserved 1179648K
  class space    used 8621K, committed 9472K, reserved 1048576K
}
Event: 8649.226 GC heap before
{Heap before GC invocations=2342 (full 6):
 PSYoungGen      total 4096K, used 3588K [0x00000000d5580000, 0x00000000d5b80000, 0x0000000100000000)
  eden space 3072K, 100% used [0x00000000d5580000,0x00000000d5880000,0x00000000d5880000)
  from space 1024K, 50% used [0x00000000d5a00000,0x00000000d5a81210,0x00000000d5b00000)
  to   space 512K, 0% used [0x00000000d5b00000,0x00000000d5b00000,0x00000000d5b80000)
 ParOldGen       total 652800K, used 652797K [0x0000000080000000, 0x00000000a7d80000, 0x00000000d5580000)
  object space 652800K, 99% used [0x0000000080000000,0x00000000a7d7f760,0x00000000a7d80000)
 Metaspace       used 86245K, committed 87936K, reserved 1179648K
  class space    used 8621K, committed 9472K, reserved 1048576K
}
Event: 8649.227 GC heap after
{Heap after GC invocations=2342 (full 6):
 PSYoungGen      total 3584K, used 512K [0x00000000d5580000, 0x00000000d5b80000, 0x0000000100000000)
  eden space 3072K, 0% used [0x00000000d5580000,0x00000000d5580000,0x00000000d5880000)
  from space 512K, 100% used [0x00000000d5b00000,0x00000000d5b80000,0x00000000d5b80000)
  to   space 1024K, 0% used [0x00000000d5980000,0x00000000d5980000,0x00000000d5a80000)
 ParOldGen       total 653312K, used 653046K [0x0000000080000000, 0x00000000a7e00000, 0x00000000d5580000)
  object space 653312K, 99% used [0x0000000080000000,0x00000000a7dbdab8,0x00000000a7e00000)
 Metaspace       used 86245K, committed 87936K, reserved 1179648K
  class space    used 8621K, committed 9472K, reserved 1048576K
}
Event: 8649.232 GC heap before
{Heap before GC invocations=2343 (full 6):
 PSYoungGen      total 3584K, used 3584K [0x00000000d5580000, 0x00000000d5b80000, 0x0000000100000000)
  eden space 3072K, 100% used [0x00000000d5580000,0x00000000d5880000,0x00000000d5880000)
  from space 512K, 100% used [0x00000000d5b00000,0x00000000d5b80000,0x00000000d5b80000)
  to   space 1024K, 0% used [0x00000000d5980000,0x00000000d5980000,0x00000000d5a80000)
 ParOldGen       total 653312K, used 653046K [0x0000000080000000, 0x00000000a7e00000, 0x00000000d5580000)
  object space 653312K, 99% used [0x0000000080000000,0x00000000a7dbdab8,0x00000000a7e00000)
 Metaspace       used 86245K, committed 87936K, reserved 1179648K
  class space    used 8621K, committed 9472K, reserved 1048576K
}
Event: 8649.233 GC heap after
{Heap after GC invocations=2343 (full 6):
 PSYoungGen      total 4096K, used 576K [0x00000000d5580000, 0x00000000d5b80000, 0x0000000100000000)
  eden space 3072K, 0% used [0x00000000d5580000,0x00000000d5580000,0x00000000d5880000)
  from space 1024K, 56% used [0x00000000d5980000,0x00000000d5a10000,0x00000000d5a80000)
  to   space 1024K, 0% used [0x00000000d5a80000,0x00000000d5a80000,0x00000000d5b80000)
 ParOldGen       total 653824K, used 653470K [0x0000000080000000, 0x00000000a7e80000, 0x00000000d5580000)
  object space 653824K, 99% used [0x0000000080000000,0x00000000a7e27ab8,0x00000000a7e80000)
 Metaspace       used 86245K, committed 87936K, reserved 1179648K
  class space    used 8621K, committed 9472K, reserved 1048576K
}

